<?xml version="1.0" encoding="UTF-8"?>
<!-- Generated by org.testng.reporters.JUnitReportReporter -->
<testsuite hostname="Michaels-iMac" name="org.live.magento_app.test_area.MagentoLoginTest" tests="4" failures="0" timestamp="24 Sep 2015 01:06:07 GMT" time="6.703" errors="0">
  <testcase name="loginTest" time="1.353" classname="org.live.magento_app.test_area.MagentoLoginTest"/>
  <testcase name="loginTest" time="1.995" classname="org.live.magento_app.test_area.MagentoLoginTest"/>
  <testcase name="loginTest" time="2.007" classname="org.live.magento_app.test_area.MagentoLoginTest"/>
  <testcase name="loginTest" time="1.348" classname="org.live.magento_app.test_area.MagentoLoginTest"/>
</testsuite>
